26 Aug 2021 - 13:23:18.712 [main] INFO  org.hibernate.Version - HHH000412: Hibernate ORM core version 5.5.6.Final
26 Aug 2021 - 13:23:19.292 [main] INFO  o.h.annotations.common.Version - HCANN000001: Hibernate Commons Annotations {5.1.2.Final}
26 Aug 2021 - 13:23:19.758 [main] WARN  o.hibernate.orm.connections.pooling - HHH10001002: Using Hibernate built-in connection pool (not for production use!)
26 Aug 2021 - 13:23:19.763 [main] INFO  o.hibernate.orm.connections.pooling - HHH10001005: using driver [org.mariadb.jdbc.Driver] at URL [jdbc:mariadb://database-1.cpxw2j8dtjzv.us-east-2.rds.amazonaws.com:3306/project1]
26 Aug 2021 - 13:23:19.764 [main] INFO  o.hibernate.orm.connections.pooling - HHH10001001: Connection properties: {user=admin, password=****}
26 Aug 2021 - 13:23:19.764 [main] INFO  o.hibernate.orm.connections.pooling - HHH10001003: Autocommit mode: false
26 Aug 2021 - 13:23:19.767 [main] INFO  o.h.e.j.c.i.DriverManagerConnectionProviderImpl - HHH000115: Hibernate connection pool size: 20 (min=1)
26 Aug 2021 - 13:23:20.092 [main] INFO  org.hibernate.dialect.Dialect - HHH000400: Using dialect: org.hibernate.dialect.MariaDB103Dialect
26 Aug 2021 - 13:23:20.968 [main] INFO  org.hibernate.orm.connections.access - HHH10001501: Connection obtained from JdbcConnectionAccess [org.hibernate.engine.jdbc.env.internal.JdbcEnvironmentInitiator$ConnectionProviderJdbcConnectionAccess@33a630fa] for (non-JTA) DDL execution was not in auto-commit mode; the Connection 'local transaction' will be committed and the Connection will be set into auto-commit mode.
26 Aug 2021 - 13:23:21.171 [main] INFO  o.hibernate.orm.connections.pooling - HHH10001008: Cleaning up connection pool [jdbc:mariadb://database-1.cpxw2j8dtjzv.us-east-2.rds.amazonaws.com:3306/project1]
26 Aug 2021 - 13:26:38.750 [main] INFO  org.hibernate.Version - HHH000412: Hibernate ORM core version 5.5.6.Final
26 Aug 2021 - 13:26:39.201 [main] INFO  o.h.annotations.common.Version - HCANN000001: Hibernate Commons Annotations {5.1.2.Final}
26 Aug 2021 - 13:26:39.625 [main] WARN  o.hibernate.orm.connections.pooling - HHH10001002: Using Hibernate built-in connection pool (not for production use!)
26 Aug 2021 - 13:26:39.628 [main] INFO  o.hibernate.orm.connections.pooling - HHH10001005: using driver [org.mariadb.jdbc.Driver] at URL [jdbc:mariadb://database-1.cpxw2j8dtjzv.us-east-2.rds.amazonaws.com:3306/project1]
26 Aug 2021 - 13:26:39.629 [main] INFO  o.hibernate.orm.connections.pooling - HHH10001001: Connection properties: {user=admin, password=****}
26 Aug 2021 - 13:26:39.629 [main] INFO  o.hibernate.orm.connections.pooling - HHH10001003: Autocommit mode: false
26 Aug 2021 - 13:26:39.632 [main] INFO  o.h.e.j.c.i.DriverManagerConnectionProviderImpl - HHH000115: Hibernate connection pool size: 20 (min=1)
26 Aug 2021 - 13:26:39.988 [main] INFO  org.hibernate.dialect.Dialect - HHH000400: Using dialect: org.hibernate.dialect.MariaDB103Dialect
26 Aug 2021 - 13:26:40.743 [main] INFO  org.hibernate.orm.connections.access - HHH10001501: Connection obtained from JdbcConnectionAccess [org.hibernate.engine.jdbc.env.internal.JdbcEnvironmentInitiator$ConnectionProviderJdbcConnectionAccess@1144a55a] for (non-JTA) DDL execution was not in auto-commit mode; the Connection 'local transaction' will be committed and the Connection will be set into auto-commit mode.
26 Aug 2021 - 13:26:40.827 [main] WARN  o.h.t.s.i.ExceptionHandlerLoggedImpl - GenerationTarget encountered exception accepting command : Error executing DDL "alter table user drop foreign key if exists FKh2wc2dtfdo8maylne7mgubowq" via JDBC Statement
org.hibernate.tool.schema.spi.CommandAcceptanceException: Error executing DDL "alter table user drop foreign key if exists FKh2wc2dtfdo8maylne7mgubowq" via JDBC Statement
	at org.hibernate.tool.schema.internal.exec.GenerationTargetToDatabase.accept(GenerationTargetToDatabase.java:67)
	at org.hibernate.tool.schema.internal.SchemaDropperImpl.applySqlString(SchemaDropperImpl.java:375)
	at org.hibernate.tool.schema.internal.SchemaDropperImpl.applySqlStrings(SchemaDropperImpl.java:359)
	at org.hibernate.tool.schema.internal.SchemaDropperImpl.applyConstraintDropping(SchemaDropperImpl.java:331)
	at org.hibernate.tool.schema.internal.SchemaDropperImpl.dropFromMetadata(SchemaDropperImpl.java:230)
	at org.hibernate.tool.schema.internal.SchemaDropperImpl.performDrop(SchemaDropperImpl.java:154)
	at org.hibernate.tool.schema.internal.SchemaDropperImpl.doDrop(SchemaDropperImpl.java:126)
	at org.hibernate.tool.schema.internal.SchemaDropperImpl.doDrop(SchemaDropperImpl.java:112)
	at org.hibernate.tool.schema.spi.SchemaManagementToolCoordinator.performDatabaseAction(SchemaManagementToolCoordinator.java:153)
	at org.hibernate.tool.schema.spi.SchemaManagementToolCoordinator.process(SchemaManagementToolCoordinator.java:81)
	at org.hibernate.internal.SessionFactoryImpl.<init>(SessionFactoryImpl.java:327)
	at org.hibernate.boot.internal.SessionFactoryBuilderImpl.build(SessionFactoryBuilderImpl.java:471)
	at org.hibernate.cfg.Configuration.buildSessionFactory(Configuration.java:728)
	at org.hibernate.cfg.Configuration.buildSessionFactory(Configuration.java:744)
	at com.revature.util.SessionFactorySingleton.getSessionFactory(SessionFactorySingleton.java:16)
	at com.revature.util.PopulateDataInDatabase.populateReimbursementStatus_ReimbursementType_UserRole(PopulateDataInDatabase.java:22)
	at com.revature.util.PopulateDataInDatabase.main(PopulateDataInDatabase.java:16)
Caused by: java.sql.SQLSyntaxErrorException: (conn=7011) Table 'project1.user' doesn't exist
	at org.mariadb.jdbc.internal.util.exceptions.ExceptionFactory.createException(ExceptionFactory.java:62)
	at org.mariadb.jdbc.internal.util.exceptions.ExceptionFactory.create(ExceptionFactory.java:158)
	at org.mariadb.jdbc.MariaDbStatement.executeExceptionEpilogue(MariaDbStatement.java:266)
	at org.mariadb.jdbc.MariaDbStatement.executeInternal(MariaDbStatement.java:366)
	at org.mariadb.jdbc.MariaDbStatement.execute(MariaDbStatement.java:504)
	at org.hibernate.tool.schema.internal.exec.GenerationTargetToDatabase.accept(GenerationTargetToDatabase.java:54)
	... 16 common frames omitted
Caused by: org.mariadb.jdbc.internal.util.exceptions.MariaDbSqlException: Table 'project1.user' doesn't exist
	at org.mariadb.jdbc.internal.util.exceptions.MariaDbSqlException.of(MariaDbSqlException.java:34)
	at org.mariadb.jdbc.internal.protocol.AbstractQueryProtocol.exceptionWithQuery(AbstractQueryProtocol.java:194)
	at org.mariadb.jdbc.internal.protocol.AbstractQueryProtocol.executeQuery(AbstractQueryProtocol.java:262)
	at org.mariadb.jdbc.MariaDbStatement.executeInternal(MariaDbStatement.java:360)
	... 18 common frames omitted
Caused by: java.sql.SQLException: Table 'project1.user' doesn't exist
	at org.mariadb.jdbc.internal.protocol.AbstractQueryProtocol.readErrorPacket(AbstractQueryProtocol.java:1694)
	at org.mariadb.jdbc.internal.protocol.AbstractQueryProtocol.readPacket(AbstractQueryProtocol.java:1556)
	at org.mariadb.jdbc.internal.protocol.AbstractQueryProtocol.getResult(AbstractQueryProtocol.java:1519)
	at org.mariadb.jdbc.internal.protocol.AbstractQueryProtocol.executeQuery(AbstractQueryProtocol.java:256)
	... 19 common frames omitted
26 Aug 2021 - 13:26:41.020 [main] INFO  org.hibernate.orm.connections.access - HHH10001501: Connection obtained from JdbcConnectionAccess [org.hibernate.engine.jdbc.env.internal.JdbcEnvironmentInitiator$ConnectionProviderJdbcConnectionAccess@3f4f9acd] for (non-JTA) DDL execution was not in auto-commit mode; the Connection 'local transaction' will be committed and the Connection will be set into auto-commit mode.
26 Aug 2021 - 13:26:41.421 [main] INFO  o.h.e.t.j.p.i.JtaPlatformInitiator - HHH000490: Using JtaPlatform implementation: [org.hibernate.engine.transaction.jta.platform.internal.NoJtaPlatform]
26 Aug 2021 - 22:33:56.219 [main] INFO  org.hibernate.Version - HHH000412: Hibernate ORM core version 5.5.6.Final
26 Aug 2021 - 22:33:56.758 [main] INFO  o.h.annotations.common.Version - HCANN000001: Hibernate Commons Annotations {5.1.2.Final}
26 Aug 2021 - 22:33:57.179 [main] WARN  o.hibernate.orm.connections.pooling - HHH10001002: Using Hibernate built-in connection pool (not for production use!)
26 Aug 2021 - 22:33:57.183 [main] INFO  o.hibernate.orm.connections.pooling - HHH10001005: using driver [org.mariadb.jdbc.Driver] at URL [jdbc:mariadb://database-1.cpxw2j8dtjzv.us-east-2.rds.amazonaws.com:3306/project1]
26 Aug 2021 - 22:33:57.183 [main] INFO  o.hibernate.orm.connections.pooling - HHH10001001: Connection properties: {user=admin, password=****}
26 Aug 2021 - 22:33:57.184 [main] INFO  o.hibernate.orm.connections.pooling - HHH10001003: Autocommit mode: false
26 Aug 2021 - 22:33:57.187 [main] INFO  o.h.e.j.c.i.DriverManagerConnectionProviderImpl - HHH000115: Hibernate connection pool size: 20 (min=1)
26 Aug 2021 - 22:33:57.510 [main] INFO  org.hibernate.dialect.Dialect - HHH000400: Using dialect: org.hibernate.dialect.MariaDB103Dialect
26 Aug 2021 - 22:33:58.333 [main] INFO  org.hibernate.orm.connections.access - HHH10001501: Connection obtained from JdbcConnectionAccess [org.hibernate.engine.jdbc.env.internal.JdbcEnvironmentInitiator$ConnectionProviderJdbcConnectionAccess@3bc735b3] for (non-JTA) DDL execution was not in auto-commit mode; the Connection 'local transaction' will be committed and the Connection will be set into auto-commit mode.
26 Aug 2021 - 22:33:58.399 [main] WARN  o.h.t.s.i.ExceptionHandlerLoggedImpl - GenerationTarget encountered exception accepting command : Error executing DDL "alter table Reimbursement drop foreign key if exists FKjw4oj6k5oehc2kru8645p9vo7" via JDBC Statement
org.hibernate.tool.schema.spi.CommandAcceptanceException: Error executing DDL "alter table Reimbursement drop foreign key if exists FKjw4oj6k5oehc2kru8645p9vo7" via JDBC Statement
	at org.hibernate.tool.schema.internal.exec.GenerationTargetToDatabase.accept(GenerationTargetToDatabase.java:67)
	at org.hibernate.tool.schema.internal.SchemaDropperImpl.applySqlString(SchemaDropperImpl.java:375)
	at org.hibernate.tool.schema.internal.SchemaDropperImpl.applySqlStrings(SchemaDropperImpl.java:359)
	at org.hibernate.tool.schema.internal.SchemaDropperImpl.applyConstraintDropping(SchemaDropperImpl.java:331)
	at org.hibernate.tool.schema.internal.SchemaDropperImpl.dropFromMetadata(SchemaDropperImpl.java:230)
	at org.hibernate.tool.schema.internal.SchemaDropperImpl.performDrop(SchemaDropperImpl.java:154)
	at org.hibernate.tool.schema.internal.SchemaDropperImpl.doDrop(SchemaDropperImpl.java:126)
	at org.hibernate.tool.schema.internal.SchemaDropperImpl.doDrop(SchemaDropperImpl.java:112)
	at org.hibernate.tool.schema.spi.SchemaManagementToolCoordinator.performDatabaseAction(SchemaManagementToolCoordinator.java:153)
	at org.hibernate.tool.schema.spi.SchemaManagementToolCoordinator.process(SchemaManagementToolCoordinator.java:81)
	at org.hibernate.internal.SessionFactoryImpl.<init>(SessionFactoryImpl.java:327)
	at org.hibernate.boot.internal.SessionFactoryBuilderImpl.build(SessionFactoryBuilderImpl.java:471)
	at org.hibernate.cfg.Configuration.buildSessionFactory(Configuration.java:728)
	at org.hibernate.cfg.Configuration.buildSessionFactory(Configuration.java:744)
	at com.revature.util.SessionFactorySingleton.getSessionFactory(SessionFactorySingleton.java:16)
	at com.revature.util.PopulateDataInDatabase.populateReimbursementStatus_ReimbursementType_UserRole(PopulateDataInDatabase.java:22)
	at com.revature.util.PopulateDataInDatabase.main(PopulateDataInDatabase.java:16)
Caused by: java.sql.SQLSyntaxErrorException: (conn=7116) Table 'project1.Reimbursement' doesn't exist
	at org.mariadb.jdbc.internal.util.exceptions.ExceptionFactory.createException(ExceptionFactory.java:62)
	at org.mariadb.jdbc.internal.util.exceptions.ExceptionFactory.create(ExceptionFactory.java:158)
	at org.mariadb.jdbc.MariaDbStatement.executeExceptionEpilogue(MariaDbStatement.java:266)
	at org.mariadb.jdbc.MariaDbStatement.executeInternal(MariaDbStatement.java:366)
	at org.mariadb.jdbc.MariaDbStatement.execute(MariaDbStatement.java:504)
	at org.hibernate.tool.schema.internal.exec.GenerationTargetToDatabase.accept(GenerationTargetToDatabase.java:54)
	... 16 common frames omitted
Caused by: org.mariadb.jdbc.internal.util.exceptions.MariaDbSqlException: Table 'project1.Reimbursement' doesn't exist
	at org.mariadb.jdbc.internal.util.exceptions.MariaDbSqlException.of(MariaDbSqlException.java:34)
	at org.mariadb.jdbc.internal.protocol.AbstractQueryProtocol.exceptionWithQuery(AbstractQueryProtocol.java:194)
	at org.mariadb.jdbc.internal.protocol.AbstractQueryProtocol.executeQuery(AbstractQueryProtocol.java:262)
	at org.mariadb.jdbc.MariaDbStatement.executeInternal(MariaDbStatement.java:360)
	... 18 common frames omitted
Caused by: java.sql.SQLException: Table 'project1.Reimbursement' doesn't exist
	at org.mariadb.jdbc.internal.protocol.AbstractQueryProtocol.readErrorPacket(AbstractQueryProtocol.java:1694)
	at org.mariadb.jdbc.internal.protocol.AbstractQueryProtocol.readPacket(AbstractQueryProtocol.java:1556)
	at org.mariadb.jdbc.internal.protocol.AbstractQueryProtocol.getResult(AbstractQueryProtocol.java:1519)
	at org.mariadb.jdbc.internal.protocol.AbstractQueryProtocol.executeQuery(AbstractQueryProtocol.java:256)
	... 19 common frames omitted
26 Aug 2021 - 22:33:58.441 [main] WARN  o.h.t.s.i.ExceptionHandlerLoggedImpl - GenerationTarget encountered exception accepting command : Error executing DDL "alter table Reimbursement drop foreign key if exists FKn8kxrjnuoc2o5rc0cdu22vvcc" via JDBC Statement
org.hibernate.tool.schema.spi.CommandAcceptanceException: Error executing DDL "alter table Reimbursement drop foreign key if exists FKn8kxrjnuoc2o5rc0cdu22vvcc" via JDBC Statement
	at org.hibernate.tool.schema.internal.exec.GenerationTargetToDatabase.accept(GenerationTargetToDatabase.java:67)
	at org.hibernate.tool.schema.internal.SchemaDropperImpl.applySqlString(SchemaDropperImpl.java:375)
	at org.hibernate.tool.schema.internal.SchemaDropperImpl.applySqlStrings(SchemaDropperImpl.java:359)
	at org.hibernate.tool.schema.internal.SchemaDropperImpl.applyConstraintDropping(SchemaDropperImpl.java:331)
	at org.hibernate.tool.schema.internal.SchemaDropperImpl.dropFromMetadata(SchemaDropperImpl.java:230)
	at org.hibernate.tool.schema.internal.SchemaDropperImpl.performDrop(SchemaDropperImpl.java:154)
	at org.hibernate.tool.schema.internal.SchemaDropperImpl.doDrop(SchemaDropperImpl.java:126)
	at org.hibernate.tool.schema.internal.SchemaDropperImpl.doDrop(SchemaDropperImpl.java:112)
	at org.hibernate.tool.schema.spi.SchemaManagementToolCoordinator.performDatabaseAction(SchemaManagementToolCoordinator.java:153)
	at org.hibernate.tool.schema.spi.SchemaManagementToolCoordinator.process(SchemaManagementToolCoordinator.java:81)
	at org.hibernate.internal.SessionFactoryImpl.<init>(SessionFactoryImpl.java:327)
	at org.hibernate.boot.internal.SessionFactoryBuilderImpl.build(SessionFactoryBuilderImpl.java:471)
	at org.hibernate.cfg.Configuration.buildSessionFactory(Configuration.java:728)
	at org.hibernate.cfg.Configuration.buildSessionFactory(Configuration.java:744)
	at com.revature.util.SessionFactorySingleton.getSessionFactory(SessionFactorySingleton.java:16)
	at com.revature.util.PopulateDataInDatabase.populateReimbursementStatus_ReimbursementType_UserRole(PopulateDataInDatabase.java:22)
	at com.revature.util.PopulateDataInDatabase.main(PopulateDataInDatabase.java:16)
Caused by: java.sql.SQLSyntaxErrorException: (conn=7116) Table 'project1.Reimbursement' doesn't exist
	at org.mariadb.jdbc.internal.util.exceptions.ExceptionFactory.createException(ExceptionFactory.java:62)
	at org.mariadb.jdbc.internal.util.exceptions.ExceptionFactory.create(ExceptionFactory.java:158)
	at org.mariadb.jdbc.MariaDbStatement.executeExceptionEpilogue(MariaDbStatement.java:266)
	at org.mariadb.jdbc.MariaDbStatement.executeInternal(MariaDbStatement.java:366)
	at org.mariadb.jdbc.MariaDbStatement.execute(MariaDbStatement.java:504)
	at org.hibernate.tool.schema.internal.exec.GenerationTargetToDatabase.accept(GenerationTargetToDatabase.java:54)
	... 16 common frames omitted
Caused by: org.mariadb.jdbc.internal.util.exceptions.MariaDbSqlException: Table 'project1.Reimbursement' doesn't exist
	at org.mariadb.jdbc.internal.util.exceptions.MariaDbSqlException.of(MariaDbSqlException.java:34)
	at org.mariadb.jdbc.internal.protocol.AbstractQueryProtocol.exceptionWithQuery(AbstractQueryProtocol.java:194)
	at org.mariadb.jdbc.internal.protocol.AbstractQueryProtocol.executeQuery(AbstractQueryProtocol.java:262)
	at org.mariadb.jdbc.MariaDbStatement.executeInternal(MariaDbStatement.java:360)
	... 18 common frames omitted
Caused by: java.sql.SQLException: Table 'project1.Reimbursement' doesn't exist
	at org.mariadb.jdbc.internal.protocol.AbstractQueryProtocol.readErrorPacket(AbstractQueryProtocol.java:1694)
	at org.mariadb.jdbc.internal.protocol.AbstractQueryProtocol.readPacket(AbstractQueryProtocol.java:1556)
	at org.mariadb.jdbc.internal.protocol.AbstractQueryProtocol.getResult(AbstractQueryProtocol.java:1519)
	at org.mariadb.jdbc.internal.protocol.AbstractQueryProtocol.executeQuery(AbstractQueryProtocol.java:256)
	... 19 common frames omitted
26 Aug 2021 - 22:33:58.475 [main] WARN  o.h.t.s.i.ExceptionHandlerLoggedImpl - GenerationTarget encountered exception accepting command : Error executing DDL "alter table Reimbursement drop foreign key if exists FK3j90v9t5i6qkxo4atix3041iq" via JDBC Statement
org.hibernate.tool.schema.spi.CommandAcceptanceException: Error executing DDL "alter table Reimbursement drop foreign key if exists FK3j90v9t5i6qkxo4atix3041iq" via JDBC Statement
	at org.hibernate.tool.schema.internal.exec.GenerationTargetToDatabase.accept(GenerationTargetToDatabase.java:67)
	at org.hibernate.tool.schema.internal.SchemaDropperImpl.applySqlString(SchemaDropperImpl.java:375)
	at org.hibernate.tool.schema.internal.SchemaDropperImpl.applySqlStrings(SchemaDropperImpl.java:359)
	at org.hibernate.tool.schema.internal.SchemaDropperImpl.applyConstraintDropping(SchemaDropperImpl.java:331)
	at org.hibernate.tool.schema.internal.SchemaDropperImpl.dropFromMetadata(SchemaDropperImpl.java:230)
	at org.hibernate.tool.schema.internal.SchemaDropperImpl.performDrop(SchemaDropperImpl.java:154)
	at org.hibernate.tool.schema.internal.SchemaDropperImpl.doDrop(SchemaDropperImpl.java:126)
	at org.hibernate.tool.schema.internal.SchemaDropperImpl.doDrop(SchemaDropperImpl.java:112)
	at org.hibernate.tool.schema.spi.SchemaManagementToolCoordinator.performDatabaseAction(SchemaManagementToolCoordinator.java:153)
	at org.hibernate.tool.schema.spi.SchemaManagementToolCoordinator.process(SchemaManagementToolCoordinator.java:81)
	at org.hibernate.internal.SessionFactoryImpl.<init>(SessionFactoryImpl.java:327)
	at org.hibernate.boot.internal.SessionFactoryBuilderImpl.build(SessionFactoryBuilderImpl.java:471)
	at org.hibernate.cfg.Configuration.buildSessionFactory(Configuration.java:728)
	at org.hibernate.cfg.Configuration.buildSessionFactory(Configuration.java:744)
	at com.revature.util.SessionFactorySingleton.getSessionFactory(SessionFactorySingleton.java:16)
	at com.revature.util.PopulateDataInDatabase.populateReimbursementStatus_ReimbursementType_UserRole(PopulateDataInDatabase.java:22)
	at com.revature.util.PopulateDataInDatabase.main(PopulateDataInDatabase.java:16)
Caused by: java.sql.SQLSyntaxErrorException: (conn=7116) Table 'project1.Reimbursement' doesn't exist
	at org.mariadb.jdbc.internal.util.exceptions.ExceptionFactory.createException(ExceptionFactory.java:62)
	at org.mariadb.jdbc.internal.util.exceptions.ExceptionFactory.create(ExceptionFactory.java:158)
	at org.mariadb.jdbc.MariaDbStatement.executeExceptionEpilogue(MariaDbStatement.java:266)
	at org.mariadb.jdbc.MariaDbStatement.executeInternal(MariaDbStatement.java:366)
	at org.mariadb.jdbc.MariaDbStatement.execute(MariaDbStatement.java:504)
	at org.hibernate.tool.schema.internal.exec.GenerationTargetToDatabase.accept(GenerationTargetToDatabase.java:54)
	... 16 common frames omitted
Caused by: org.mariadb.jdbc.internal.util.exceptions.MariaDbSqlException: Table 'project1.Reimbursement' doesn't exist
	at org.mariadb.jdbc.internal.util.exceptions.MariaDbSqlException.of(MariaDbSqlException.java:34)
	at org.mariadb.jdbc.internal.protocol.AbstractQueryProtocol.exceptionWithQuery(AbstractQueryProtocol.java:194)
	at org.mariadb.jdbc.internal.protocol.AbstractQueryProtocol.executeQuery(AbstractQueryProtocol.java:262)
	at org.mariadb.jdbc.MariaDbStatement.executeInternal(MariaDbStatement.java:360)
	... 18 common frames omitted
Caused by: java.sql.SQLException: Table 'project1.Reimbursement' doesn't exist
	at org.mariadb.jdbc.internal.protocol.AbstractQueryProtocol.readErrorPacket(AbstractQueryProtocol.java:1694)
	at org.mariadb.jdbc.internal.protocol.AbstractQueryProtocol.readPacket(AbstractQueryProtocol.java:1556)
	at org.mariadb.jdbc.internal.protocol.AbstractQueryProtocol.getResult(AbstractQueryProtocol.java:1519)
	at org.mariadb.jdbc.internal.protocol.AbstractQueryProtocol.executeQuery(AbstractQueryProtocol.java:256)
	... 19 common frames omitted
26 Aug 2021 - 22:33:58.500 [main] WARN  o.h.t.s.i.ExceptionHandlerLoggedImpl - GenerationTarget encountered exception accepting command : Error executing DDL "alter table Reimbursement drop foreign key if exists FK6wvn12u1f27bx0h86e7x53x4x" via JDBC Statement
org.hibernate.tool.schema.spi.CommandAcceptanceException: Error executing DDL "alter table Reimbursement drop foreign key if exists FK6wvn12u1f27bx0h86e7x53x4x" via JDBC Statement
	at org.hibernate.tool.schema.internal.exec.GenerationTargetToDatabase.accept(GenerationTargetToDatabase.java:67)
	at org.hibernate.tool.schema.internal.SchemaDropperImpl.applySqlString(SchemaDropperImpl.java:375)
	at org.hibernate.tool.schema.internal.SchemaDropperImpl.applySqlStrings(SchemaDropperImpl.java:359)
	at org.hibernate.tool.schema.internal.SchemaDropperImpl.applyConstraintDropping(SchemaDropperImpl.java:331)
	at org.hibernate.tool.schema.internal.SchemaDropperImpl.dropFromMetadata(SchemaDropperImpl.java:230)
	at org.hibernate.tool.schema.internal.SchemaDropperImpl.performDrop(SchemaDropperImpl.java:154)
	at org.hibernate.tool.schema.internal.SchemaDropperImpl.doDrop(SchemaDropperImpl.java:126)
	at org.hibernate.tool.schema.internal.SchemaDropperImpl.doDrop(SchemaDropperImpl.java:112)
	at org.hibernate.tool.schema.spi.SchemaManagementToolCoordinator.performDatabaseAction(SchemaManagementToolCoordinator.java:153)
	at org.hibernate.tool.schema.spi.SchemaManagementToolCoordinator.process(SchemaManagementToolCoordinator.java:81)
	at org.hibernate.internal.SessionFactoryImpl.<init>(SessionFactoryImpl.java:327)
	at org.hibernate.boot.internal.SessionFactoryBuilderImpl.build(SessionFactoryBuilderImpl.java:471)
	at org.hibernate.cfg.Configuration.buildSessionFactory(Configuration.java:728)
	at org.hibernate.cfg.Configuration.buildSessionFactory(Configuration.java:744)
	at com.revature.util.SessionFactorySingleton.getSessionFactory(SessionFactorySingleton.java:16)
	at com.revature.util.PopulateDataInDatabase.populateReimbursementStatus_ReimbursementType_UserRole(PopulateDataInDatabase.java:22)
	at com.revature.util.PopulateDataInDatabase.main(PopulateDataInDatabase.java:16)
Caused by: java.sql.SQLSyntaxErrorException: (conn=7116) Table 'project1.Reimbursement' doesn't exist
	at org.mariadb.jdbc.internal.util.exceptions.ExceptionFactory.createException(ExceptionFactory.java:62)
	at org.mariadb.jdbc.internal.util.exceptions.ExceptionFactory.create(ExceptionFactory.java:158)
	at org.mariadb.jdbc.MariaDbStatement.executeExceptionEpilogue(MariaDbStatement.java:266)
	at org.mariadb.jdbc.MariaDbStatement.executeInternal(MariaDbStatement.java:366)
	at org.mariadb.jdbc.MariaDbStatement.execute(MariaDbStatement.java:504)
	at org.hibernate.tool.schema.internal.exec.GenerationTargetToDatabase.accept(GenerationTargetToDatabase.java:54)
	... 16 common frames omitted
Caused by: org.mariadb.jdbc.internal.util.exceptions.MariaDbSqlException: Table 'project1.Reimbursement' doesn't exist
	at org.mariadb.jdbc.internal.util.exceptions.MariaDbSqlException.of(MariaDbSqlException.java:34)
	at org.mariadb.jdbc.internal.protocol.AbstractQueryProtocol.exceptionWithQuery(AbstractQueryProtocol.java:194)
	at org.mariadb.jdbc.internal.protocol.AbstractQueryProtocol.executeQuery(AbstractQueryProtocol.java:262)
	at org.mariadb.jdbc.MariaDbStatement.executeInternal(MariaDbStatement.java:360)
	... 18 common frames omitted
Caused by: java.sql.SQLException: Table 'project1.Reimbursement' doesn't exist
	at org.mariadb.jdbc.internal.protocol.AbstractQueryProtocol.readErrorPacket(AbstractQueryProtocol.java:1694)
	at org.mariadb.jdbc.internal.protocol.AbstractQueryProtocol.readPacket(AbstractQueryProtocol.java:1556)
	at org.mariadb.jdbc.internal.protocol.AbstractQueryProtocol.getResult(AbstractQueryProtocol.java:1519)
	at org.mariadb.jdbc.internal.protocol.AbstractQueryProtocol.executeQuery(AbstractQueryProtocol.java:256)
	... 19 common frames omitted
26 Aug 2021 - 22:33:58.840 [main] INFO  org.hibernate.orm.connections.access - HHH10001501: Connection obtained from JdbcConnectionAccess [org.hibernate.engine.jdbc.env.internal.JdbcEnvironmentInitiator$ConnectionProviderJdbcConnectionAccess@3eb631b8] for (non-JTA) DDL execution was not in auto-commit mode; the Connection 'local transaction' will be committed and the Connection will be set into auto-commit mode.
26 Aug 2021 - 22:33:59.598 [main] INFO  o.h.e.t.j.p.i.JtaPlatformInitiator - HHH000490: Using JtaPlatform implementation: [org.hibernate.engine.transaction.jta.platform.internal.NoJtaPlatform]
26 Aug 2021 - 22:38:02.843 [main] INFO  org.hibernate.Version - HHH000412: Hibernate ORM core version 5.5.6.Final
26 Aug 2021 - 22:38:03.387 [main] INFO  o.h.annotations.common.Version - HCANN000001: Hibernate Commons Annotations {5.1.2.Final}
26 Aug 2021 - 22:38:03.863 [main] WARN  o.hibernate.orm.connections.pooling - HHH10001002: Using Hibernate built-in connection pool (not for production use!)
26 Aug 2021 - 22:38:03.867 [main] INFO  o.hibernate.orm.connections.pooling - HHH10001005: using driver [org.mariadb.jdbc.Driver] at URL [jdbc:mariadb://database-1.cpxw2j8dtjzv.us-east-2.rds.amazonaws.com:3306/project1]
26 Aug 2021 - 22:38:03.867 [main] INFO  o.hibernate.orm.connections.pooling - HHH10001001: Connection properties: {user=admin, password=****}
26 Aug 2021 - 22:38:03.868 [main] INFO  o.hibernate.orm.connections.pooling - HHH10001003: Autocommit mode: false
26 Aug 2021 - 22:38:03.871 [main] INFO  o.h.e.j.c.i.DriverManagerConnectionProviderImpl - HHH000115: Hibernate connection pool size: 20 (min=1)
26 Aug 2021 - 22:38:04.194 [main] INFO  org.hibernate.dialect.Dialect - HHH000400: Using dialect: org.hibernate.dialect.MariaDB103Dialect
26 Aug 2021 - 22:38:05.019 [main] INFO  org.hibernate.orm.connections.access - HHH10001501: Connection obtained from JdbcConnectionAccess [org.hibernate.engine.jdbc.env.internal.JdbcEnvironmentInitiator$ConnectionProviderJdbcConnectionAccess@3bc735b3] for (non-JTA) DDL execution was not in auto-commit mode; the Connection 'local transaction' will be committed and the Connection will be set into auto-commit mode.
26 Aug 2021 - 22:38:05.513 [main] INFO  org.hibernate.orm.connections.access - HHH10001501: Connection obtained from JdbcConnectionAccess [org.hibernate.engine.jdbc.env.internal.JdbcEnvironmentInitiator$ConnectionProviderJdbcConnectionAccess@5ec77191] for (non-JTA) DDL execution was not in auto-commit mode; the Connection 'local transaction' will be committed and the Connection will be set into auto-commit mode.
26 Aug 2021 - 22:38:06.312 [main] INFO  o.h.e.t.j.p.i.JtaPlatformInitiator - HHH000490: Using JtaPlatform implementation: [org.hibernate.engine.transaction.jta.platform.internal.NoJtaPlatform]
26 Aug 2021 - 22:39:02.053 [main] INFO  org.eclipse.jetty.util.log - Logging initialized @582ms to org.eclipse.jetty.util.log.Slf4jLog
26 Aug 2021 - 22:39:02.173 [main] INFO  io.javalin.Javalin - Static file handler added:
    {urlPathPrefix: "/", path: "static", location: Location.CLASSPATH}
    Resolved path: 'file:///C:/Users/embehr/eclipse-workspace/project1/target/classes/static/'
26 Aug 2021 - 22:39:02.249 [main] INFO  io.javalin.Javalin - 
           __                      __ _
          / /____ _ _   __ ____ _ / /(_)____
     __  / // __ `/| | / // __ `// // // __ \
    / /_/ // /_/ / | |/ // /_/ // // // / / /
    \____/ \__,_/  |___/ \__,_//_//_//_/ /_/

        https://javalin.io/documentation

26 Aug 2021 - 22:39:02.251 [main] INFO  io.javalin.Javalin - Starting Javalin ...
26 Aug 2021 - 22:39:02.773 [main] INFO  io.javalin.Javalin - Listening on http://localhost:7000/
26 Aug 2021 - 22:39:02.773 [main] INFO  io.javalin.Javalin - Javalin started in 523ms \o/
26 Aug 2021 - 22:48:32.457 [qtp1209669119-13] INFO  org.hibernate.Version - HHH000412: Hibernate ORM core version 5.5.6.Final
26 Aug 2021 - 22:48:32.949 [qtp1209669119-13] INFO  o.h.annotations.common.Version - HCANN000001: Hibernate Commons Annotations {5.1.2.Final}
26 Aug 2021 - 22:48:33.068 [qtp1209669119-13] WARN  o.hibernate.orm.connections.pooling - HHH10001002: Using Hibernate built-in connection pool (not for production use!)
26 Aug 2021 - 22:48:33.078 [qtp1209669119-13] INFO  o.hibernate.orm.connections.pooling - HHH10001005: using driver [org.mariadb.jdbc.Driver] at URL [jdbc:mariadb://database-1.cpxw2j8dtjzv.us-east-2.rds.amazonaws.com:3306/project1]
26 Aug 2021 - 22:48:33.079 [qtp1209669119-13] INFO  o.hibernate.orm.connections.pooling - HHH10001001: Connection properties: {user=admin, password=****}
26 Aug 2021 - 22:48:33.079 [qtp1209669119-13] INFO  o.hibernate.orm.connections.pooling - HHH10001003: Autocommit mode: false
26 Aug 2021 - 22:48:33.082 [qtp1209669119-13] INFO  o.h.e.j.c.i.DriverManagerConnectionProviderImpl - HHH000115: Hibernate connection pool size: 20 (min=1)
26 Aug 2021 - 22:48:33.405 [qtp1209669119-13] INFO  org.hibernate.dialect.Dialect - HHH000400: Using dialect: org.hibernate.dialect.MariaDB103Dialect
26 Aug 2021 - 22:48:34.235 [qtp1209669119-13] INFO  org.hibernate.orm.connections.access - HHH10001501: Connection obtained from JdbcConnectionAccess [org.hibernate.engine.jdbc.env.internal.JdbcEnvironmentInitiator$ConnectionProviderJdbcConnectionAccess@532d59f8] for (non-JTA) DDL execution was not in auto-commit mode; the Connection 'local transaction' will be committed and the Connection will be set into auto-commit mode.
26 Aug 2021 - 22:48:34.444 [qtp1209669119-13] INFO  o.h.e.t.j.p.i.JtaPlatformInitiator - HHH000490: Using JtaPlatform implementation: [org.hibernate.engine.transaction.jta.platform.internal.NoJtaPlatform]
26 Aug 2021 - 23:03:01.860 [main] INFO  org.hibernate.Version - HHH000412: Hibernate ORM core version 5.5.6.Final
26 Aug 2021 - 23:03:02.298 [main] INFO  o.h.annotations.common.Version - HCANN000001: Hibernate Commons Annotations {5.1.2.Final}
26 Aug 2021 - 23:03:02.706 [main] WARN  o.hibernate.orm.connections.pooling - HHH10001002: Using Hibernate built-in connection pool (not for production use!)
26 Aug 2021 - 23:03:02.710 [main] INFO  o.hibernate.orm.connections.pooling - HHH10001005: using driver [org.mariadb.jdbc.Driver] at URL [jdbc:mariadb://database-1.cpxw2j8dtjzv.us-east-2.rds.amazonaws.com:3306/project1]
26 Aug 2021 - 23:03:02.710 [main] INFO  o.hibernate.orm.connections.pooling - HHH10001001: Connection properties: {user=admin, password=****}
26 Aug 2021 - 23:03:02.711 [main] INFO  o.hibernate.orm.connections.pooling - HHH10001003: Autocommit mode: false
26 Aug 2021 - 23:03:02.714 [main] INFO  o.h.e.j.c.i.DriverManagerConnectionProviderImpl - HHH000115: Hibernate connection pool size: 20 (min=1)
26 Aug 2021 - 23:03:03.043 [main] INFO  org.hibernate.dialect.Dialect - HHH000400: Using dialect: org.hibernate.dialect.MariaDB103Dialect
26 Aug 2021 - 23:03:03.839 [main] INFO  org.hibernate.orm.connections.access - HHH10001501: Connection obtained from JdbcConnectionAccess [org.hibernate.engine.jdbc.env.internal.JdbcEnvironmentInitiator$ConnectionProviderJdbcConnectionAccess@3bc735b3] for (non-JTA) DDL execution was not in auto-commit mode; the Connection 'local transaction' will be committed and the Connection will be set into auto-commit mode.
26 Aug 2021 - 23:03:04.313 [main] INFO  org.hibernate.orm.connections.access - HHH10001501: Connection obtained from JdbcConnectionAccess [org.hibernate.engine.jdbc.env.internal.JdbcEnvironmentInitiator$ConnectionProviderJdbcConnectionAccess@5ec77191] for (non-JTA) DDL execution was not in auto-commit mode; the Connection 'local transaction' will be committed and the Connection will be set into auto-commit mode.
26 Aug 2021 - 23:03:05.172 [main] INFO  o.h.e.t.j.p.i.JtaPlatformInitiator - HHH000490: Using JtaPlatform implementation: [org.hibernate.engine.transaction.jta.platform.internal.NoJtaPlatform]
26 Aug 2021 - 23:03:32.317 [main] INFO  org.eclipse.jetty.util.log - Logging initialized @478ms to org.eclipse.jetty.util.log.Slf4jLog
26 Aug 2021 - 23:03:32.393 [main] INFO  io.javalin.Javalin - Static file handler added:
    {urlPathPrefix: "/", path: "static", location: Location.CLASSPATH}
    Resolved path: 'file:///C:/Users/embehr/eclipse-workspace/project1/target/classes/static/'
26 Aug 2021 - 23:03:32.450 [main] INFO  io.javalin.Javalin - 
           __                      __ _
          / /____ _ _   __ ____ _ / /(_)____
     __  / // __ `/| | / // __ `// // // __ \
    / /_/ // /_/ / | |/ // /_/ // // // / / /
    \____/ \__,_/  |___/ \__,_//_//_//_/ /_/

        https://javalin.io/documentation

26 Aug 2021 - 23:03:32.452 [main] INFO  io.javalin.Javalin - Starting Javalin ...
26 Aug 2021 - 23:03:32.902 [main] INFO  io.javalin.Javalin - Listening on http://localhost:7000/
26 Aug 2021 - 23:03:32.903 [main] INFO  io.javalin.Javalin - Javalin started in 452ms \o/
26 Aug 2021 - 23:03:45.288 [qtp1209669119-17] INFO  org.hibernate.Version - HHH000412: Hibernate ORM core version 5.5.6.Final
26 Aug 2021 - 23:03:45.747 [qtp1209669119-17] INFO  o.h.annotations.common.Version - HCANN000001: Hibernate Commons Annotations {5.1.2.Final}
26 Aug 2021 - 23:03:45.873 [qtp1209669119-17] WARN  o.hibernate.orm.connections.pooling - HHH10001002: Using Hibernate built-in connection pool (not for production use!)
26 Aug 2021 - 23:03:45.877 [qtp1209669119-17] INFO  o.hibernate.orm.connections.pooling - HHH10001005: using driver [org.mariadb.jdbc.Driver] at URL [jdbc:mariadb://database-1.cpxw2j8dtjzv.us-east-2.rds.amazonaws.com:3306/project1]
26 Aug 2021 - 23:03:45.878 [qtp1209669119-17] INFO  o.hibernate.orm.connections.pooling - HHH10001001: Connection properties: {user=admin, password=****}
26 Aug 2021 - 23:03:45.878 [qtp1209669119-17] INFO  o.hibernate.orm.connections.pooling - HHH10001003: Autocommit mode: false
26 Aug 2021 - 23:03:45.882 [qtp1209669119-17] INFO  o.h.e.j.c.i.DriverManagerConnectionProviderImpl - HHH000115: Hibernate connection pool size: 20 (min=1)
26 Aug 2021 - 23:03:46.224 [qtp1209669119-17] INFO  org.hibernate.dialect.Dialect - HHH000400: Using dialect: org.hibernate.dialect.MariaDB103Dialect
26 Aug 2021 - 23:03:47.046 [qtp1209669119-17] INFO  org.hibernate.orm.connections.access - HHH10001501: Connection obtained from JdbcConnectionAccess [org.hibernate.engine.jdbc.env.internal.JdbcEnvironmentInitiator$ConnectionProviderJdbcConnectionAccess@34886228] for (non-JTA) DDL execution was not in auto-commit mode; the Connection 'local transaction' will be committed and the Connection will be set into auto-commit mode.
26 Aug 2021 - 23:03:47.251 [qtp1209669119-17] INFO  o.h.e.t.j.p.i.JtaPlatformInitiator - HHH000490: Using JtaPlatform implementation: [org.hibernate.engine.transaction.jta.platform.internal.NoJtaPlatform]
26 Aug 2021 - 23:10:09.930 [main] INFO  org.eclipse.jetty.util.log - Logging initialized @484ms to org.eclipse.jetty.util.log.Slf4jLog
26 Aug 2021 - 23:10:10.032 [main] INFO  io.javalin.Javalin - Static file handler added:
    {urlPathPrefix: "/", path: "static", location: Location.CLASSPATH}
    Resolved path: 'file:///C:/Users/embehr/eclipse-workspace/project1/target/classes/static/'
26 Aug 2021 - 23:10:10.112 [main] INFO  io.javalin.Javalin - 
           __                      __ _
          / /____ _ _   __ ____ _ / /(_)____
     __  / // __ `/| | / // __ `// // // __ \
    / /_/ // /_/ / | |/ // /_/ // // // / / /
    \____/ \__,_/  |___/ \__,_//_//_//_/ /_/

        https://javalin.io/documentation

26 Aug 2021 - 23:10:10.114 [main] INFO  io.javalin.Javalin - Starting Javalin ...
26 Aug 2021 - 23:10:10.602 [main] INFO  io.javalin.Javalin - Listening on http://localhost:7000/
26 Aug 2021 - 23:10:10.603 [main] INFO  io.javalin.Javalin - Javalin started in 491ms \o/
26 Aug 2021 - 23:10:41.139 [qtp1209669119-19] INFO  org.hibernate.Version - HHH000412: Hibernate ORM core version 5.5.6.Final
26 Aug 2021 - 23:10:41.607 [qtp1209669119-19] INFO  o.h.annotations.common.Version - HCANN000001: Hibernate Commons Annotations {5.1.2.Final}
26 Aug 2021 - 23:10:41.726 [qtp1209669119-19] WARN  o.hibernate.orm.connections.pooling - HHH10001002: Using Hibernate built-in connection pool (not for production use!)
26 Aug 2021 - 23:10:41.731 [qtp1209669119-19] INFO  o.hibernate.orm.connections.pooling - HHH10001005: using driver [org.mariadb.jdbc.Driver] at URL [jdbc:mariadb://database-1.cpxw2j8dtjzv.us-east-2.rds.amazonaws.com:3306/project1]
26 Aug 2021 - 23:10:41.731 [qtp1209669119-19] INFO  o.hibernate.orm.connections.pooling - HHH10001001: Connection properties: {user=admin, password=****}
26 Aug 2021 - 23:10:41.732 [qtp1209669119-19] INFO  o.hibernate.orm.connections.pooling - HHH10001003: Autocommit mode: false
26 Aug 2021 - 23:10:41.735 [qtp1209669119-19] INFO  o.h.e.j.c.i.DriverManagerConnectionProviderImpl - HHH000115: Hibernate connection pool size: 20 (min=1)
26 Aug 2021 - 23:10:42.068 [qtp1209669119-19] INFO  org.hibernate.dialect.Dialect - HHH000400: Using dialect: org.hibernate.dialect.MariaDB103Dialect
26 Aug 2021 - 23:10:42.877 [qtp1209669119-19] INFO  org.hibernate.orm.connections.access - HHH10001501: Connection obtained from JdbcConnectionAccess [org.hibernate.engine.jdbc.env.internal.JdbcEnvironmentInitiator$ConnectionProviderJdbcConnectionAccess@2f7e2e1b] for (non-JTA) DDL execution was not in auto-commit mode; the Connection 'local transaction' will be committed and the Connection will be set into auto-commit mode.
26 Aug 2021 - 23:10:43.086 [qtp1209669119-19] INFO  o.h.e.t.j.p.i.JtaPlatformInitiator - HHH000490: Using JtaPlatform implementation: [org.hibernate.engine.transaction.jta.platform.internal.NoJtaPlatform]
26 Aug 2021 - 23:15:34.835 [main] INFO  org.eclipse.jetty.util.log - Logging initialized @508ms to org.eclipse.jetty.util.log.Slf4jLog
26 Aug 2021 - 23:15:34.918 [main] INFO  io.javalin.Javalin - Static file handler added:
    {urlPathPrefix: "/", path: "static", location: Location.CLASSPATH}
    Resolved path: 'file:///C:/Users/embehr/eclipse-workspace/project1/target/classes/static/'
26 Aug 2021 - 23:15:34.977 [main] INFO  io.javalin.Javalin - 
           __                      __ _
          / /____ _ _   __ ____ _ / /(_)____
     __  / // __ `/| | / // __ `// // // __ \
    / /_/ // /_/ / | |/ // /_/ // // // / / /
    \____/ \__,_/  |___/ \__,_//_//_//_/ /_/

        https://javalin.io/documentation

26 Aug 2021 - 23:15:34.979 [main] INFO  io.javalin.Javalin - Starting Javalin ...
26 Aug 2021 - 23:15:35.448 [main] INFO  io.javalin.Javalin - Listening on http://localhost:7000/
26 Aug 2021 - 23:15:35.448 [main] INFO  io.javalin.Javalin - Javalin started in 470ms \o/
26 Aug 2021 - 23:15:54.049 [qtp1209669119-17] INFO  org.hibernate.Version - HHH000412: Hibernate ORM core version 5.5.6.Final
26 Aug 2021 - 23:15:54.511 [qtp1209669119-17] INFO  o.h.annotations.common.Version - HCANN000001: Hibernate Commons Annotations {5.1.2.Final}
26 Aug 2021 - 23:15:54.632 [qtp1209669119-17] WARN  o.hibernate.orm.connections.pooling - HHH10001002: Using Hibernate built-in connection pool (not for production use!)
26 Aug 2021 - 23:15:54.636 [qtp1209669119-17] INFO  o.hibernate.orm.connections.pooling - HHH10001005: using driver [org.mariadb.jdbc.Driver] at URL [jdbc:mariadb://database-1.cpxw2j8dtjzv.us-east-2.rds.amazonaws.com:3306/project1]
26 Aug 2021 - 23:15:54.637 [qtp1209669119-17] INFO  o.hibernate.orm.connections.pooling - HHH10001001: Connection properties: {user=admin, password=****}
26 Aug 2021 - 23:15:54.637 [qtp1209669119-17] INFO  o.hibernate.orm.connections.pooling - HHH10001003: Autocommit mode: false
26 Aug 2021 - 23:15:54.640 [qtp1209669119-17] INFO  o.h.e.j.c.i.DriverManagerConnectionProviderImpl - HHH000115: Hibernate connection pool size: 20 (min=1)
26 Aug 2021 - 23:15:54.950 [qtp1209669119-17] INFO  org.hibernate.dialect.Dialect - HHH000400: Using dialect: org.hibernate.dialect.MariaDB103Dialect
26 Aug 2021 - 23:15:55.732 [qtp1209669119-17] INFO  org.hibernate.orm.connections.access - HHH10001501: Connection obtained from JdbcConnectionAccess [org.hibernate.engine.jdbc.env.internal.JdbcEnvironmentInitiator$ConnectionProviderJdbcConnectionAccess@63077130] for (non-JTA) DDL execution was not in auto-commit mode; the Connection 'local transaction' will be committed and the Connection will be set into auto-commit mode.
26 Aug 2021 - 23:15:55.939 [qtp1209669119-17] INFO  o.h.e.t.j.p.i.JtaPlatformInitiator - HHH000490: Using JtaPlatform implementation: [org.hibernate.engine.transaction.jta.platform.internal.NoJtaPlatform]
